13:54:51 **** Incremental Build of configuration Debug for project 87686 ****
make all 
Building file: ../Sources/Events.c
Invoking: Cross ARM C Compiler
arm-none-eabi-gcc -mcpu=cortex-m4 -mthumb -O0 -fmessage-length=0 -fsigned-char -ffunction-sections -fdata-sections  -g3 -I"C:/Users/jc493320/Documents/GitHub/CC3501-Assignment/Kinetis Project/87686/Static_Code/PDD" -I"C:/Users/jc493320/Documents/GitHub/CC3501-Assignment/Kinetis Project/87686/Static_Code/IO_Map" -I"C:/Users/jc493320/Documents/GitHub/CC3501-Assignment/Kinetis Project/87686/Sources" -I"C:/Users/jc493320/Documents/GitHub/CC3501-Assignment/Kinetis Project/87686/Generated_Code" -I"C:/Users/jc493320/Documents/GitHub/CC3501-Assignment/Kinetis Project/87686/MQXLITE/include" -I"C:/Users/jc493320/Documents/GitHub/CC3501-Assignment/Kinetis Project/87686/MQXLITE/config" -I"C:/Users/jc493320/Documents/GitHub/CC3501-Assignment/Kinetis Project/87686/MQXLITE/kernel" -I"C:/Users/jc493320/Documents/GitHub/CC3501-Assignment/Kinetis Project/87686/MQXLITE/psp/cortex_m" -I"C:/Users/jc493320/Documents/GitHub/CC3501-Assignment/Kinetis Project/87686/MQXLITE/psp/cortex_m/core/M4" -I"C:/Users/jc493320/Documents/GitHub/CC3501-Assignment/Kinetis Project/87686/MQXLITE/psp/cortex_m/compiler/cwgcc" -std=c99 -MMD -MP -MF"Sources/Events.d" -MT"Sources/Events.o" -c -o "Sources/Events.o" "../Sources/Events.c"
Finished building: ../Sources/Events.c
 
Building file: ../Sources/main.c
Invoking: Cross ARM C Compiler
arm-none-eabi-gcc -mcpu=cortex-m4 -mthumb -O0 -fmessage-length=0 -fsigned-char -ffunction-sections -fdata-sections  -g3 -I"C:/Users/jc493320/Documents/GitHub/CC3501-Assignment/Kinetis Project/87686/Static_Code/PDD" -I"C:/Users/jc493320/Documents/GitHub/CC3501-Assignment/Kinetis Project/87686/Static_Code/IO_Map" -I"C:/Users/jc493320/Documents/GitHub/CC3501-Assignment/Kinetis Project/87686/Sources" -I"C:/Users/jc493320/Documents/GitHub/CC3501-Assignment/Kinetis Project/87686/Generated_Code" -I"C:/Users/jc493320/Documents/GitHub/CC3501-Assignment/Kinetis Project/87686/MQXLITE/include" -I"C:/Users/jc493320/Documents/GitHub/CC3501-Assignment/Kinetis Project/87686/MQXLITE/config" -I"C:/Users/jc493320/Documents/GitHub/CC3501-Assignment/Kinetis Project/87686/MQXLITE/kernel" -I"C:/Users/jc493320/Documents/GitHub/CC3501-Assignment/Kinetis Project/87686/MQXLITE/psp/cortex_m" -I"C:/Users/jc493320/Documents/GitHub/CC3501-Assignment/Kinetis Project/87686/MQXLITE/psp/cortex_m/core/M4" -I"C:/Users/jc493320/Documents/GitHub/CC3501-Assignment/Kinetis Project/87686/MQXLITE/psp/cortex_m/compiler/cwgcc" -std=c99 -MMD -MP -MF"Sources/main.d" -MT"Sources/main.o" -c -o "Sources/main.o" "../Sources/main.c"
In file included from ../Sources/main.c:57:0:
../Sources/ICM20948.h:14:0: warning: "ACCEL_FS" redefined [enabled by default]
 #define ACCEL_FS 1 //+-4G OR 8192 LSB/g
 ^
../Sources/ICM20948.h:13:0: note: this is the location of the previous definition
 #define ACCEL_FS 0 // +-2G OR 16384 LSB/g
 ^
../Sources/ICM20948.h:15:0: warning: "ACCEL_FS" redefined [enabled by default]
 #define ACCEL_FS 2 //+-8G OR 4096 LSB/g
 ^
../Sources/ICM20948.h:14:0: note: this is the location of the previous definition
 #define ACCEL_FS 1 //+-4G OR 8192 LSB/g
 ^
../Sources/ICM20948.h:16:0: warning: "ACCEL_FS" redefined [enabled by default]
 #define ACCEL_FS 3 //+-16G OR 2048 LSB/g
 ^
../Sources/ICM20948.h:15:0: note: this is the location of the previous definition
 #define ACCEL_FS 2 //+-8G OR 4096 LSB/g
 ^
Finished building: ../Sources/main.c
 
Building file: ../Sources/mqx_tasks.c
Invoking: Cross ARM C Compiler
arm-none-eabi-gcc -mcpu=cortex-m4 -mthumb -O0 -fmessage-length=0 -fsigned-char -ffunction-sections -fdata-sections  -g3 -I"C:/Users/jc493320/Documents/GitHub/CC3501-Assignment/Kinetis Project/87686/Static_Code/PDD" -I"C:/Users/jc493320/Documents/GitHub/CC3501-Assignment/Kinetis Project/87686/Static_Code/IO_Map" -I"C:/Users/jc493320/Documents/GitHub/CC3501-Assignment/Kinetis Project/87686/Sources" -I"C:/Users/jc493320/Documents/GitHub/CC3501-Assignment/Kinetis Project/87686/Generated_Code" -I"C:/Users/jc493320/Documents/GitHub/CC3501-Assignment/Kinetis Project/87686/MQXLITE/include" -I"C:/Users/jc493320/Documents/GitHub/CC3501-Assignment/Kinetis Project/87686/MQXLITE/config" -I"C:/Users/jc493320/Documents/GitHub/CC3501-Assignment/Kinetis Project/87686/MQXLITE/kernel" -I"C:/Users/jc493320/Documents/GitHub/CC3501-Assignment/Kinetis Project/87686/MQXLITE/psp/cortex_m" -I"C:/Users/jc493320/Documents/GitHub/CC3501-Assignment/Kinetis Project/87686/MQXLITE/psp/cortex_m/core/M4" -I"C:/Users/jc493320/Documents/GitHub/CC3501-Assignment/Kinetis Project/87686/MQXLITE/psp/cortex_m/compiler/cwgcc" -std=c99 -MMD -MP -MF"Sources/mqx_tasks.d" -MT"Sources/mqx_tasks.o" -c -o "Sources/mqx_tasks.o" "../Sources/mqx_tasks.c"
Finished building: ../Sources/mqx_tasks.c
 
Building file: ../MQXLITE/config/task_template_list.c
Invoking: Cross ARM C Compiler
arm-none-eabi-gcc -mcpu=cortex-m4 -mthumb -O0 -fmessage-length=0 -fsigned-char -ffunction-sections -fdata-sections  -g3 -I"C:/Users/jc493320/Documents/GitHub/CC3501-Assignment/Kinetis Project/87686/Static_Code/PDD" -I"C:/Users/jc493320/Documents/GitHub/CC3501-Assignment/Kinetis Project/87686/Static_Code/IO_Map" -I"C:/Users/jc493320/Documents/GitHub/CC3501-Assignment/Kinetis Project/87686/Sources" -I"C:/Users/jc493320/Documents/GitHub/CC3501-Assignment/Kinetis Project/87686/Generated_Code" -I"C:/Users/jc493320/Documents/GitHub/CC3501-Assignment/Kinetis Project/87686/MQXLITE/include" -I"C:/Users/jc493320/Documents/GitHub/CC3501-Assignment/Kinetis Project/87686/MQXLITE/config" -I"C:/Users/jc493320/Documents/GitHub/CC3501-Assignment/Kinetis Project/87686/MQXLITE/kernel" -I"C:/Users/jc493320/Documents/GitHub/CC3501-Assignment/Kinetis Project/87686/MQXLITE/psp/cortex_m" -I"C:/Users/jc493320/Documents/GitHub/CC3501-Assignment/Kinetis Project/87686/MQXLITE/psp/cortex_m/core/M4" -I"C:/Users/jc493320/Documents/GitHub/CC3501-Assignment/Kinetis Project/87686/MQXLITE/psp/cortex_m/compiler/cwgcc" -std=c99 -MMD -MP -MF"MQXLITE/config/task_template_list.d" -MT"MQXLITE/config/task_template_list.o" -c -o "MQXLITE/config/task_template_list.o" "../MQXLITE/config/task_template_list.c"
Finished building: ../MQXLITE/config/task_template_list.c
 
Building file: ../Generated_Code/Cpu.c
Invoking: Cross ARM C Compiler
arm-none-eabi-gcc -mcpu=cortex-m4 -mthumb -O0 -fmessage-length=0 -fsigned-char -ffunction-sections -fdata-sections  -g3 -I"C:/Users/jc493320/Documents/GitHub/CC3501-Assignment/Kinetis Project/87686/Static_Code/PDD" -I"C:/Users/jc493320/Documents/GitHub/CC3501-Assignment/Kinetis Project/87686/Static_Code/IO_Map" -I"C:/Users/jc493320/Documents/GitHub/CC3501-Assignment/Kinetis Project/87686/Sources" -I"C:/Users/jc493320/Documents/GitHub/CC3501-Assignment/Kinetis Project/87686/Generated_Code" -I"C:/Users/jc493320/Documents/GitHub/CC3501-Assignment/Kinetis Project/87686/MQXLITE/include" -I"C:/Users/jc493320/Documents/GitHub/CC3501-Assignment/Kinetis Project/87686/MQXLITE/config" -I"C:/Users/jc493320/Documents/GitHub/CC3501-Assignment/Kinetis Project/87686/MQXLITE/kernel" -I"C:/Users/jc493320/Documents/GitHub/CC3501-Assignment/Kinetis Project/87686/MQXLITE/psp/cortex_m" -I"C:/Users/jc493320/Documents/GitHub/CC3501-Assignment/Kinetis Project/87686/MQXLITE/psp/cortex_m/core/M4" -I"C:/Users/jc493320/Documents/GitHub/CC3501-Assignment/Kinetis Project/87686/MQXLITE/psp/cortex_m/compiler/cwgcc" -std=c99 -MMD -MP -MF"Generated_Code/Cpu.d" -MT"Generated_Code/Cpu.o" -c -o "Generated_Code/Cpu.o" "../Generated_Code/Cpu.c"
Finished building: ../Generated_Code/Cpu.c
 
Building file: ../Generated_Code/MQX1.c
Invoking: Cross ARM C Compiler
arm-none-eabi-gcc -mcpu=cortex-m4 -mthumb -O0 -fmessage-length=0 -fsigned-char -ffunction-sections -fdata-sections  -g3 -I"C:/Users/jc493320/Documents/GitHub/CC3501-Assignment/Kinetis Project/87686/Static_Code/PDD" -I"C:/Users/jc493320/Documents/GitHub/CC3501-Assignment/Kinetis Project/87686/Static_Code/IO_Map" -I"C:/Users/jc493320/Documents/GitHub/CC3501-Assignment/Kinetis Project/87686/Sources" -I"C:/Users/jc493320/Documents/GitHub/CC3501-Assignment/Kinetis Project/87686/Generated_Code" -I"C:/Users/jc493320/Documents/GitHub/CC3501-Assignment/Kinetis Project/87686/MQXLITE/include" -I"C:/Users/jc493320/Documents/GitHub/CC3501-Assignment/Kinetis Project/87686/MQXLITE/config" -I"C:/Users/jc493320/Documents/GitHub/CC3501-Assignment/Kinetis Project/87686/MQXLITE/kernel" -I"C:/Users/jc493320/Documents/GitHub/CC3501-Assignment/Kinetis Project/87686/MQXLITE/psp/cortex_m" -I"C:/Users/jc493320/Documents/GitHub/CC3501-Assignment/Kinetis Project/87686/MQXLITE/psp/cortex_m/core/M4" -I"C:/Users/jc493320/Documents/GitHub/CC3501-Assignment/Kinetis Project/87686/MQXLITE/psp/cortex_m/compiler/cwgcc" -std=c99 -MMD -MP -MF"Generated_Code/MQX1.d" -MT"Generated_Code/MQX1.o" -c -o "Generated_Code/MQX1.o" "../Generated_Code/MQX1.c"
Finished building: ../Generated_Code/MQX1.c
 
Building file: ../Generated_Code/Vectors.c
Invoking: Cross ARM C Compiler
arm-none-eabi-gcc -mcpu=cortex-m4 -mthumb -O0 -fmessage-length=0 -fsigned-char -ffunction-sections -fdata-sections  -g3 -I"C:/Users/jc493320/Documents/GitHub/CC3501-Assignment/Kinetis Project/87686/Static_Code/PDD" -I"C:/Users/jc493320/Documents/GitHub/CC3501-Assignment/Kinetis Project/87686/Static_Code/IO_Map" -I"C:/Users/jc493320/Documents/GitHub/CC3501-Assignment/Kinetis Project/87686/Sources" -I"C:/Users/jc493320/Documents/GitHub/CC3501-Assignment/Kinetis Project/87686/Generated_Code" -I"C:/Users/jc493320/Documents/GitHub/CC3501-Assignment/Kinetis Project/87686/MQXLITE/include" -I"C:/Users/jc493320/Documents/GitHub/CC3501-Assignment/Kinetis Project/87686/MQXLITE/config" -I"C:/Users/jc493320/Documents/GitHub/CC3501-Assignment/Kinetis Project/87686/MQXLITE/kernel" -I"C:/Users/jc493320/Documents/GitHub/CC3501-Assignment/Kinetis Project/87686/MQXLITE/psp/cortex_m" -I"C:/Users/jc493320/Documents/GitHub/CC3501-Assignment/Kinetis Project/87686/MQXLITE/psp/cortex_m/core/M4" -I"C:/Users/jc493320/Documents/GitHub/CC3501-Assignment/Kinetis Project/87686/MQXLITE/psp/cortex_m/compiler/cwgcc" -std=c99 -MMD -MP -MF"Generated_Code/Vectors.d" -MT"Generated_Code/Vectors.o" -c -o "Generated_Code/Vectors.o" "../Generated_Code/Vectors.c"
Finished building: ../Generated_Code/Vectors.c
 
Building target: 87686.elf
Invoking: Cross ARM C++ Linker
arm-none-eabi-g++ -mcpu=cortex-m4 -mthumb -O0 -fmessage-length=0 -fsigned-char -ffunction-sections -fdata-sections  -g3 -T "C:/Users/jc493320/Documents/GitHub/CC3501-Assignment/Kinetis Project/87686/Project_Settings/Linker_Files/ProcessorExpert.ld" -Xlinker --gc-sections -L"C:/Users/jc493320/Documents/GitHub/CC3501-Assignment/Kinetis Project/87686/Project_Settings/Linker_Files" -Wl,-Map,"87686.map" -specs=nano.specs -specs=nosys.specs -o "87686.elf"  ./Sources/Events.o ./Sources/main.o ./Sources/mqx_tasks.o  ./Project_Settings/Startup_Code/startup.o  ./MQXLITE/psp/cortex_m/core/M4/boot.o ./MQXLITE/psp/cortex_m/core/M4/dispatch.o  ./MQXLITE/psp/cortex_m/cortex.o ./MQXLITE/psp/cortex_m/int_gkis.o ./MQXLITE/psp/cortex_m/int_inst.o ./MQXLITE/psp/cortex_m/int_kisr.o ./MQXLITE/psp/cortex_m/int_pvta.o ./MQXLITE/psp/cortex_m/int_unx.o ./MQXLITE/psp/cortex_m/int_vtab.o ./MQXLITE/psp/cortex_m/int_xcpt.o ./MQXLITE/psp/cortex_m/mem_zero.o ./MQXLITE/psp/cortex_m/psp_iinit.o ./MQXLITE/psp/cortex_m/psp_supp.o ./MQXLITE/psp/cortex_m/psp_tiad.o ./MQXLITE/psp/cortex_m/psp_tinm.o ./MQXLITE/psp/cortex_m/psp_tipr.o ./MQXLITE/psp/cortex_m/psp_tisu.o ./MQXLITE/psp/cortex_m/sc_irdyq.o ./MQXLITE/psp/cortex_m/stack_bu.o ./MQXLITE/psp/cortex_m/stack_de.o ./MQXLITE/psp/cortex_m/stack_st.o  ./MQXLITE/kernel/idletask.o ./MQXLITE/kernel/int.o ./MQXLITE/kernel/klog.o ./MQXLITE/kernel/lwevent.o ./MQXLITE/kernel/lwlog.o ./MQXLITE/kernel/lwmem.o ./MQXLITE/kernel/lwmsgq.o ./MQXLITE/kernel/lwsem.o ./MQXLITE/kernel/lwtimer.o ./MQXLITE/kernel/mqx_utils.o ./MQXLITE/kernel/mqxlite.o ./MQXLITE/kernel/mutex.o ./MQXLITE/kernel/qu_test.o ./MQXLITE/kernel/sched.o ./MQXLITE/kernel/task.o ./MQXLITE/kernel/time_ticks.o  ./MQXLITE/config/task_template_list.o  ./Generated_Code/ASerialLdd1.o ./Generated_Code/BluetoothTimer.o ./Generated_Code/Bluetooth_Term.o ./Generated_Code/CI2C1.o ./Generated_Code/Cpu.o ./Generated_Code/GyroTimer.o ./Generated_Code/Inhr1.o ./Generated_Code/IntI2cLdd1.o ./Generated_Code/MQX1.o ./Generated_Code/PE_LDD.o ./Generated_Code/RealTimeLdd1.o ./Generated_Code/RealTimeLdd2.o ./Generated_Code/SystemTimer1.o ./Generated_Code/TU1.o ./Generated_Code/TU2.o ./Generated_Code/Vectors.o   
Finished building target: 87686.elf
 

13:54:54 Build Finished (took 2s.702ms)

