15:33:41 **** Incremental Build of configuration Debug for project MPU6050 ****
make all 
Building file: ../Sources/Events.c
Invoking: Cross ARM C Compiler
arm-none-eabi-gcc -mcpu=cortex-m4 -mthumb -O0 -fmessage-length=0 -fsigned-char -ffunction-sections -fdata-sections  -g3 -I"C:/Users/jc493320/Documents/GitHub/CC3501-Assignment/Kinetis Project/MPU6050/Static_Code/PDD" -I"C:/Users/jc493320/Documents/GitHub/CC3501-Assignment/Kinetis Project/MPU6050/Static_Code/IO_Map" -I"C:/Users/jc493320/Documents/GitHub/CC3501-Assignment/Kinetis Project/MPU6050/Sources" -I"C:/Users/jc493320/Documents/GitHub/CC3501-Assignment/Kinetis Project/MPU6050/Generated_Code" -std=c99 -MMD -MP -MF"Sources/Events.d" -MT"Sources/Events.o" -c -o "Sources/Events.o" "../Sources/Events.c"
Finished building: ../Sources/Events.c
 
Building file: ../Sources/main.c
Invoking: Cross ARM C Compiler
arm-none-eabi-gcc -mcpu=cortex-m4 -mthumb -O0 -fmessage-length=0 -fsigned-char -ffunction-sections -fdata-sections  -g3 -I"C:/Users/jc493320/Documents/GitHub/CC3501-Assignment/Kinetis Project/MPU6050/Static_Code/PDD" -I"C:/Users/jc493320/Documents/GitHub/CC3501-Assignment/Kinetis Project/MPU6050/Static_Code/IO_Map" -I"C:/Users/jc493320/Documents/GitHub/CC3501-Assignment/Kinetis Project/MPU6050/Sources" -I"C:/Users/jc493320/Documents/GitHub/CC3501-Assignment/Kinetis Project/MPU6050/Generated_Code" -std=c99 -MMD -MP -MF"Sources/main.d" -MT"Sources/main.o" -c -o "Sources/main.o" "../Sources/main.c"
Finished building: ../Sources/main.c
 
Building file: ../Generated_Code/Cpu.c
Invoking: Cross ARM C Compiler
arm-none-eabi-gcc -mcpu=cortex-m4 -mthumb -O0 -fmessage-length=0 -fsigned-char -ffunction-sections -fdata-sections  -g3 -I"C:/Users/jc493320/Documents/GitHub/CC3501-Assignment/Kinetis Project/MPU6050/Static_Code/PDD" -I"C:/Users/jc493320/Documents/GitHub/CC3501-Assignment/Kinetis Project/MPU6050/Static_Code/IO_Map" -I"C:/Users/jc493320/Documents/GitHub/CC3501-Assignment/Kinetis Project/MPU6050/Sources" -I"C:/Users/jc493320/Documents/GitHub/CC3501-Assignment/Kinetis Project/MPU6050/Generated_Code" -std=c99 -MMD -MP -MF"Generated_Code/Cpu.d" -MT"Generated_Code/Cpu.o" -c -o "Generated_Code/Cpu.o" "../Generated_Code/Cpu.c"
Finished building: ../Generated_Code/Cpu.c
 
Building file: ../Generated_Code/FC321.c
Invoking: Cross ARM C Compiler
arm-none-eabi-gcc -mcpu=cortex-m4 -mthumb -O0 -fmessage-length=0 -fsigned-char -ffunction-sections -fdata-sections  -g3 -I"C:/Users/jc493320/Documents/GitHub/CC3501-Assignment/Kinetis Project/MPU6050/Static_Code/PDD" -I"C:/Users/jc493320/Documents/GitHub/CC3501-Assignment/Kinetis Project/MPU6050/Static_Code/IO_Map" -I"C:/Users/jc493320/Documents/GitHub/CC3501-Assignment/Kinetis Project/MPU6050/Sources" -I"C:/Users/jc493320/Documents/GitHub/CC3501-Assignment/Kinetis Project/MPU6050/Generated_Code" -std=c99 -MMD -MP -MF"Generated_Code/FC321.d" -MT"Generated_Code/FC321.o" -c -o "Generated_Code/FC321.o" "../Generated_Code/FC321.c"
Finished building: ../Generated_Code/FC321.c
 
Building file: ../Generated_Code/PE_LDD.c
Invoking: Cross ARM C Compiler
arm-none-eabi-gcc -mcpu=cortex-m4 -mthumb -O0 -fmessage-length=0 -fsigned-char -ffunction-sections -fdata-sections  -g3 -I"C:/Users/jc493320/Documents/GitHub/CC3501-Assignment/Kinetis Project/MPU6050/Static_Code/PDD" -I"C:/Users/jc493320/Documents/GitHub/CC3501-Assignment/Kinetis Project/MPU6050/Static_Code/IO_Map" -I"C:/Users/jc493320/Documents/GitHub/CC3501-Assignment/Kinetis Project/MPU6050/Sources" -I"C:/Users/jc493320/Documents/GitHub/CC3501-Assignment/Kinetis Project/MPU6050/Generated_Code" -std=c99 -MMD -MP -MF"Generated_Code/PE_LDD.d" -MT"Generated_Code/PE_LDD.o" -c -o "Generated_Code/PE_LDD.o" "../Generated_Code/PE_LDD.c"
Finished building: ../Generated_Code/PE_LDD.c
 
Building file: ../Generated_Code/RealTimeLdd1.c
Invoking: Cross ARM C Compiler
arm-none-eabi-gcc -mcpu=cortex-m4 -mthumb -O0 -fmessage-length=0 -fsigned-char -ffunction-sections -fdata-sections  -g3 -I"C:/Users/jc493320/Documents/GitHub/CC3501-Assignment/Kinetis Project/MPU6050/Static_Code/PDD" -I"C:/Users/jc493320/Documents/GitHub/CC3501-Assignment/Kinetis Project/MPU6050/Static_Code/IO_Map" -I"C:/Users/jc493320/Documents/GitHub/CC3501-Assignment/Kinetis Project/MPU6050/Sources" -I"C:/Users/jc493320/Documents/GitHub/CC3501-Assignment/Kinetis Project/MPU6050/Generated_Code" -std=c99 -MMD -MP -MF"Generated_Code/RealTimeLdd1.d" -MT"Generated_Code/RealTimeLdd1.o" -c -o "Generated_Code/RealTimeLdd1.o" "../Generated_Code/RealTimeLdd1.c"
Finished building: ../Generated_Code/RealTimeLdd1.c
 
Building file: ../Generated_Code/TU1.c
Invoking: Cross ARM C Compiler
arm-none-eabi-gcc -mcpu=cortex-m4 -mthumb -O0 -fmessage-length=0 -fsigned-char -ffunction-sections -fdata-sections  -g3 -I"C:/Users/jc493320/Documents/GitHub/CC3501-Assignment/Kinetis Project/MPU6050/Static_Code/PDD" -I"C:/Users/jc493320/Documents/GitHub/CC3501-Assignment/Kinetis Project/MPU6050/Static_Code/IO_Map" -I"C:/Users/jc493320/Documents/GitHub/CC3501-Assignment/Kinetis Project/MPU6050/Sources" -I"C:/Users/jc493320/Documents/GitHub/CC3501-Assignment/Kinetis Project/MPU6050/Generated_Code" -std=c99 -MMD -MP -MF"Generated_Code/TU1.d" -MT"Generated_Code/TU1.o" -c -o "Generated_Code/TU1.o" "../Generated_Code/TU1.c"
Finished building: ../Generated_Code/TU1.c
 
Building file: ../Generated_Code/Vectors.c
Invoking: Cross ARM C Compiler
arm-none-eabi-gcc -mcpu=cortex-m4 -mthumb -O0 -fmessage-length=0 -fsigned-char -ffunction-sections -fdata-sections  -g3 -I"C:/Users/jc493320/Documents/GitHub/CC3501-Assignment/Kinetis Project/MPU6050/Static_Code/PDD" -I"C:/Users/jc493320/Documents/GitHub/CC3501-Assignment/Kinetis Project/MPU6050/Static_Code/IO_Map" -I"C:/Users/jc493320/Documents/GitHub/CC3501-Assignment/Kinetis Project/MPU6050/Sources" -I"C:/Users/jc493320/Documents/GitHub/CC3501-Assignment/Kinetis Project/MPU6050/Generated_Code" -std=c99 -MMD -MP -MF"Generated_Code/Vectors.d" -MT"Generated_Code/Vectors.o" -c -o "Generated_Code/Vectors.o" "../Generated_Code/Vectors.c"
Finished building: ../Generated_Code/Vectors.c
 
Building target: MPU6050.elf
Invoking: Cross ARM C++ Linker
arm-none-eabi-g++ -mcpu=cortex-m4 -mthumb -O0 -fmessage-length=0 -fsigned-char -ffunction-sections -fdata-sections  -g3 -T "C:/Users/jc493320/Documents/GitHub/CC3501-Assignment/Kinetis Project/MPU6050/Project_Settings/Linker_Files/ProcessorExpert.ld" -Xlinker --gc-sections -L"C:/Users/jc493320/Documents/GitHub/CC3501-Assignment/Kinetis Project/MPU6050/Project_Settings/Linker_Files" -Wl,-Map,"MPU6050.map" -specs=nano.specs -specs=nosys.specs -o "MPU6050.elf"  ./Sources/Events.o ./Sources/main.o  ./Project_Settings/Startup_Code/startup.o  ./Generated_Code/CI2C1.o ./Generated_Code/Cpu.o ./Generated_Code/FC321.o ./Generated_Code/IntI2cLdd1.o ./Generated_Code/PE_LDD.o ./Generated_Code/RealTimeLdd1.o ./Generated_Code/TU1.o ./Generated_Code/Vectors.o   
Finished building target: MPU6050.elf
 

15:33:43 Build Finished (took 2s.388ms)

